current directory: /Users/hschall/ror_projects/wife_project/princess_wife/gems/msgpack-1.7.5/ext/msgpack
/Users/hschall/.rbenv/versions/3.3.3/bin/ruby extconf.rb
checking for rb_enc_interned_str() in ruby.h... yes
checking for rb_hash_new_capa() in ruby.h... yes
checking for rb_proc_call_with_block() in ruby.h... yes
checking for whether -fvisibility=hidden is accepted as CFLAGS... yes
checking for whether -I.. is accepted as CFLAGS... yes
checking for whether -Wall is accepted as CFLAGS... yes
checking for whether -O3 is accepted as CFLAGS... yes
checking for whether -std=gnu99 is accepted as CFLAGS... yes
checking for whether -ggdb3 is accepted as CFLAGS... yes
checking for whether -DHASH_ASET_DEDUPE=1 is accepted as CFLAGS... yes
checking for whether -DSTR_UMINUS_DEDUPE_FROZEN=1 is accepted as CFLAGS... yes
creating Makefile

current directory: /Users/hschall/ror_projects/wife_project/princess_wife/gems/msgpack-1.7.5/ext/msgpack
make DESTDIR\= sitearchdir\=./.gem.20250108-8290-6mft95 sitelibdir\=./.gem.20250108-8290-6mft95 clean

current directory: /Users/hschall/ror_projects/wife_project/princess_wife/gems/msgpack-1.7.5/ext/msgpack
make DESTDIR\= sitearchdir\=./.gem.20250108-8290-6mft95 sitelibdir\=./.gem.20250108-8290-6mft95
compiling buffer.c
compiling buffer_class.c
compiling extension_value_class.c
compiling factory_class.c
compiling packer.c
compiling packer_class.c
compiling packer_ext_registry.c
compiling rbinit.c
compiling rmem.c
compiling unpacker.c
compiling unpacker_class.c
compiling unpacker_ext_registry.c
linking shared-object msgpack/msgpack.bundle

current directory: /Users/hschall/ror_projects/wife_project/princess_wife/gems/msgpack-1.7.5/ext/msgpack
make DESTDIR\= sitearchdir\=./.gem.20250108-8290-6mft95 sitelibdir\=./.gem.20250108-8290-6mft95 install
/usr/bin/install -c -m 0755 msgpack.bundle ./.gem.20250108-8290-6mft95/msgpack

current directory: /Users/hschall/ror_projects/wife_project/princess_wife/gems/msgpack-1.7.5/ext/msgpack
make DESTDIR\= sitearchdir\=./.gem.20250108-8290-6mft95 sitelibdir\=./.gem.20250108-8290-6mft95 clean
