current directory: /Users/hschall/ror_projects/wife_project/princess_wife/gems/date-3.4.1/ext/date
/Users/hschall/.rbenv/versions/3.3.3/bin/ruby extconf.rb
checking for rb_category_warn()... yes
checking for timezone in time.h with  -Werror... yes
checking for altzone in time.h with  -Werror... no
creating Makefile

current directory: /Users/hschall/ror_projects/wife_project/princess_wife/gems/date-3.4.1/ext/date
make DESTDIR\= sitearchdir\=./.gem.20250108-8290-chbs3a sitelibdir\=./.gem.20250108-8290-chbs3a clean

current directory: /Users/hschall/ror_projects/wife_project/princess_wife/gems/date-3.4.1/ext/date
make DESTDIR\= sitearchdir\=./.gem.20250108-8290-chbs3a sitelibdir\=./.gem.20250108-8290-chbs3a
compiling date_core.c
compiling date_parse.c
compiling date_strftime.c
compiling date_strptime.c
linking shared-object date_core.bundle

current directory: /Users/hschall/ror_projects/wife_project/princess_wife/gems/date-3.4.1/ext/date
make DESTDIR\= sitearchdir\=./.gem.20250108-8290-chbs3a sitelibdir\=./.gem.20250108-8290-chbs3a install
/usr/bin/install -c -m 0755 date_core.bundle ./.gem.20250108-8290-chbs3a

current directory: /Users/hschall/ror_projects/wife_project/princess_wife/gems/date-3.4.1/ext/date
make DESTDIR\= sitearchdir\=./.gem.20250108-8290-chbs3a sitelibdir\=./.gem.20250108-8290-chbs3a clean
